<?xml version="1.0" encoding="utf-8"?><testsuites><testsuite errors="0" failures="1" hostname="GMN012055853" name="pytest" skipped="0" tests="10" time="4.683" timestamp="2020-06-20T16:33:24.609189"><testcase classname="test_submit" file="test_submit.py" line="3" name="test_q1" time="0.000"></testcase><testcase classname="test_submit" file="test_submit.py" line="9" name="test_q2" time="0.106"><failure message="assert 545 == 49348
  +545
  -49348">+545
      -49348
E   assert 545 == 49348</failure></testcase><testcase classname="test_submit" file="test_submit.py" line="15" name="test_q3" time="0.019"></testcase><testcase classname="test_submit" file="test_submit.py" line="21" name="test_q4" time="0.004"></testcase><testcase classname="test_submit" file="test_submit.py" line="27" name="test_q5" time="0.269"></testcase><testcase classname="test_submit" file="test_submit.py" line="33" name="test_q6" time="0.227"></testcase><testcase classname="test_submit" file="test_submit.py" line="39" name="test_q7" time="0.024"></testcase><testcase classname="test_submit" file="test_submit.py" line="45" name="test_q8" time="0.027"></testcase><testcase classname="test_submit" file="test_submit.py" line="51" name="test_q9" time="0.040"></testcase><testcase classname="test_submit" file="test_submit.py" line="57" name="test_q10" time="0.115"></testcase></testsuite></testsuites>